[LOG] System::create                           : Header version = 2.01.07. Current version = 2.01.07.
[LOG] Manager::init                            : maxchannels = 256 studioflags = 00000006 flags 00000000 extradriverdata 0000000000000000.
[LOG] SystemI::init                            : Initialize version=20107 (113487), maxchannels=256, flags=0x00020000
[LOG] SystemI::setOutputInternal               : Setting output to 'FMOD WASAPI Output'
[LOG] OutputWASAPI::init                       : Mix Format (WAVEFORMATEX): wFormatTag=0xFFFE, nChannels=2, nSamplesPerSec=48000, nAvgBytesPerSec=384000, nBlockAlign=8, wBitsPerSample=32, cbSize=22.
[LOG] OutputWASAPI::init                       : Mix Format (WAVEFORMATEXTENSIBLE): wValidBitsPerSample=32, dwChannelMask=0x00000003, SubFormat=00000003-0000-0010-8000-00AA00389B71.
[LOG] OutputWASAPI::init                       : Output buffer size: 4096 samples, latency: 0.00ms, period: 10.00ms, DSP buffer: 1024 * 4
[LOG] DownMix::init                            : dspbuffersize: 1024  rate: 48000. output speaker mode: 3, input speaker mode 6
[LOG] DownMix::init                            : done.
[LOG] Thread::initThread                       : Init FMOD stream thread. Affinity: 0x8000000000000003, Priority: 0xFFFF7FFB, Stack Size: 98304, Semaphore: No, Sleep Time: 10, Looping: Yes.
[LOG] Thread::initThread                       : Init FMOD mixer thread. Affinity: 0x8000000000000001, Priority: 0xFFFF7FFA, Stack Size: 81920, Semaphore: No, Sleep Time: 0, Looping: Yes.
[LOG] AsyncManager::init                       : manager 000001A5A0EEC618 isAsync 0 updatePeriod 0.02
[LOG] AsyncManager::init                       : done
[LOG] PlaybackSystem::init                     : 
[LOG] Thread::initThread                       : Init FMOD Studio sample load thread. Affinity: 0x8000000000000003, Priority: 0xFFFF7FFD, Stack Size: 98304, Semaphore: No, Sleep Time: 1, Looping: No.
[LOG] PlaybackSystem::init                     : done
[LOG] Thread::initThread                       : Init FMOD Studio bank load thread. Affinity: 0x8000000000000003, Priority: 0xFFFF7FFD, Stack Size: 98304, Semaphore: No, Sleep Time: 1, Looping: No.
[LOG] Manager::init                            : done.
[LOG] SoundI::release                          : DroneBroken (000001A5C2C997E8)
[LOG] SoundI::release                          :     DroneBroken (000001A5C3501DD8)
[LOG] SoundI::release                          :     DroneBroken (000001A5E0F0DD58)
[LOG] SoundI::release                          : TutorialMoniters (000001A564D24EC8)
[LOG] SoundI::release                          :     TutorialMoniters (000001A5C3500578)
[LOG] SoundI::release                          :     TutorialMoniters (000001A5E0F0D698)
[LOG] SoundI::release                          : TutorialMoniters (000001A564D25C48)
[LOG] SoundI::release                          :     TutorialMoniters (000001A5C3501418)
[LOG] SoundI::release                          :     TutorialMoniters (000001A5E0F0CAC8)
[LOG] SoundI::release                          : TutorialMoniters (000001A564D258E8)
[LOG] SoundI::release                          :     TutorialMoniters (000001A5C34FD658)
[LOG] SoundI::release                          :     TutorialMoniters (000001A5CF3481F8)
[LOG] SoundI::release                          : TutorialMoniters (000001A564D25738)
[LOG] SoundI::release                          :     TutorialMoniters (000001A5C34FCC98)
[LOG] SoundI::release                          :     TutorialMoniters (000001A5CF347E98)
[LOG] SoundI::release                          : TutorialMoniters (000001A564D25228)
[LOG] SoundI::release                          :     TutorialMoniters (000001A5C34FD318)
[LOG] SoundI::release                          :     TutorialMoniters (000001A5CF347988)
[LOG] SoundI::release                          : TutorialMoniters (000001A5C26EE098)
[LOG] SoundI::release                          :     TutorialMoniters (000001A5C34FCFD8)
[LOG] SoundI::release                          :     TutorialMoniters (000001A5CF347478)
[LOG] SoundI::release                          : TutorialMoniters (000001A5577EF8D8)
[LOG] SoundI::release                          :     TutorialMoniters (000001A5A075A878)
[LOG] SoundI::release                          :     TutorialMoniters (000001A5CF3466F8)
[LOG] SoundI::release                          : TutorialMoniters (000001A5174EB038)
[LOG] SoundI::release                          :     TutorialMoniters (000001A5A075A6D8)
[LOG] SoundI::release                          :     TutorialMoniters (000001A5CF3477D8)
[LOG] SoundI::release                          : TutorialMoniters (000001A5C3548F48)
[LOG] SoundI::release                          :     TutorialMoniters (000001A5A0759698)
[LOG] SoundI::release                          :     TutorialMoniters (000001A5CF346548)
[LOG] SoundI::release                          : TutorialMoniters (000001A5C3549608)
[LOG] SoundI::release                          :     TutorialMoniters (000001A5A0758B38)
[LOG] SoundI::release                          :     TutorialMoniters (000001A5CF3472C8)
[LOG] SoundI::release                          : TutorialMoniters (000001A5C3549458)
[LOG] SoundI::release                          :     TutorialMoniters (000001A5A0757FD8)
[LOG] SoundI::release                          :     TutorialMoniters (000001A5CF348048)
[LOG] SoundI::release                          : TutorialMoniters (000001A5C304B118)
[LOG] SoundI::release                          :     TutorialMoniters (000001A5A0757E38)
[LOG] SoundI::release                          :     TutorialMoniters (000001A5CF347628)
[LOG] SoundI::release                          : TutorialMoniters (000001A55784BA98)
[LOG] SoundI::release                          :     TutorialMoniters (000001A5C34FEEB8)
[LOG] SoundI::release                          :     TutorialMoniters (000001A5E0F0DBA8)
[LOG] SoundI::release                          : TutorialMoniters (000001A5C304B988)
[LOG] SoundI::release                          :     TutorialMoniters (000001A5A074E238)
[LOG] SoundI::release                          :     TutorialMoniters (000001A5CF347CE8)
[LOG] SoundI::release                          : TutorialMoniters (000001A55784BDF8)
[LOG] SoundI::release                          :     TutorialMoniters (000001A5C34FE698)
[LOG] SoundI::release                          :     TutorialMoniters (000001A5E0F0D9F8)
[LOG] SoundI::release                          : TutorialMoniters (000001A5C304B478)
[LOG] SoundI::release                          :     TutorialMoniters (000001A5A074EA58)
[LOG] SoundI::release                          :     TutorialMoniters (000001A5CF347118)
[LOG] SoundI::release                          : TutorialMoniters (000001A55784BC48)
[LOG] SoundI::release                          :     TutorialMoniters (000001A5C3501C38)
[LOG] SoundI::release                          :     TutorialMoniters (000001A5E0F0CC78)
[LOG] SoundI::release                          : TutorialMoniters (000001A557F9E2D8)
[LOG] SoundI::release                          :     TutorialMoniters (000001A5A074D878)
[LOG] SoundI::release                          :     TutorialMoniters (000001A5CF346DB8)
[LOG] SoundI::release                          : TutorialMoniters (000001A55784B8E8)
[LOG] SoundI::release                          :     TutorialMoniters (000001A5C34FFA18)
[LOG] SoundI::release                          :     TutorialMoniters (000001A5E0F0D848)
[LOG] SoundI::release                          : TutorialMoniters (000001A557F9E638)
[LOG] SoundI::release                          :     TutorialMoniters (000001A5A0750AD8)
[LOG] SoundI::release                          :     TutorialMoniters (000001A5CF347B38)
[LOG] SoundI::release                          :  (000001A5A0373C88)
[LOG] SoundI::release                          :     HunterAmbience (000001A5A074D398)
[LOG] Thread::callback                         : FMOD Studio update thread finished.
[LOG] Thread::callback                         : FMOD Studio bank load thread finished.
[LOG] Profile::disconnectAll                   : Profiler disconnecting all clients
[LOG] Thread::callback                         : FMOD Studio sample load thread finished.
[LOG] LiveUpdate::release                      : 
[LOG] LiveUpdate::reset                        : Reset connection (reason Disconnected)
[LOG] Thread::callback                         : FMOD stream thread finished.
[LOG] Thread::callback                         : FMOD mixer thread finished.
[LOG] Profile::disconnectAll                   : Profiler disconnecting all clients
[LOG] SystemI::close                           : Closed.
